==== Profiling ====
Meandre MAU Executor [1.0.2vcli/1.4.12.8740 (Sara)]
All rights reserved by DITA, NCSA, UofI (2007-2012)
THIS SOFTWARE IS PROVIDED UNDER University of Illinois/NCSA OPEN SOURCE LICENSE.

Executing MAU file Service_Process_ZIP_TEI_XML_through_OpenMary.mau
Preparing flow: meandre://seasr.org/services/service-process-zip-tei-xml-through-openmary/
Creating temp run dir Service_Process_ZIP_TEI_XML_through_OpenMary.mau.run
Creating temp public resources dir Service_Process_ZIP_TEI_XML_through_OpenMary.mau.public_resources

Preparation completed correctly

Execution started at: 2013-08-05T12:59:09
----------------------------------------------------------------------------
Mary TTS client 4.3.0 (impl. 20101220)
Connected to localhost:59125, Mary TTS server 5.0 (impl. unknown)
----------------------------------------------------------------------------
Execution finished at: 2013-08-05T13:09:56
Execution finished gracefully.
----------------------------------------------------------------------------

Flow execution statistics

Flow unique execution ID : meandre://seasr.org/services/service-process-zip-tei-xml-through-openmary/81725B16/1375725548773/932450705/
Flow state               : ended
Started at               : Mon Aug 05 12:59:09 CDT 2013
Last update              : Mon Aug 05 13:09:56 CDT 2013
Total run time (ms)      : 647607

	Executable components instance ID          : meandre://seasr.org/services/service-process-zip-tei-xml-through-openmary/instance/trigger-message/0
	Executable components state                : disposed
	Times the executable components fired      : 0
	Accumulated executable components run time : 0
	Pieces of data pulled                      : 0
	Pieces of data pushed                      : 0
	Number of properties read                  : 4

	Executable components instance ID          : meandre://seasr.org/services/service-process-zip-tei-xml-through-openmary/instance/select-nodes-via-xpath/30
	Executable components state                : disposed
	Times the executable components fired      : 5636
	Accumulated executable components run time : 32889
	Pieces of data pulled                      : 16908
	Pieces of data pushed                      : 5636
	Number of properties read                  : 7

	Executable components instance ID          : meandre://seasr.org/services/service-process-zip-tei-xml-through-openmary/instance/fork-x5/28
	Executable components state                : disposed
	Times the executable components fired      : 5636
	Accumulated executable components run time : 32767
	Pieces of data pulled                      : 16908
	Pieces of data pushed                      : 28180
	Number of properties read                  : 3

	Executable components instance ID          : meandre://seasr.org/services/service-process-zip-tei-xml-through-openmary/instance/tuple-value-to-string/11
	Executable components state                : disposed
	Times the executable components fired      : 10
	Accumulated executable components run time : 89
	Pieces of data pulled                      : 76
	Pieces of data pushed                      : 20
	Number of properties read                  : 3

	Executable components instance ID          : meandre://seasr.org/services/service-process-zip-tei-xml-through-openmary/instance/stream-delimiter-filter/7
	Executable components state                : disposed
	Times the executable components fired      : 1
	Accumulated executable components run time : 0
	Pieces of data pulled                      : 3
	Pieces of data pushed                      : 1
	Number of properties read                  : 4

	Executable components instance ID          : meandre://seasr.org/services/service-process-zip-tei-xml-through-openmary/instance/stream-delimiter-filter/6
	Executable components state                : disposed
	Times the executable components fired      : 10
	Accumulated executable components run time : 0
	Pieces of data pulled                      : 30
	Pieces of data pushed                      : 9
	Number of properties read                  : 4

	Executable components instance ID          : meandre://seasr.org/services/service-process-zip-tei-xml-through-openmary/instance/stream-delimiter-filter/5
	Executable components state                : disposed
	Times the executable components fired      : 10
	Accumulated executable components run time : 0
	Pieces of data pulled                      : 30
	Pieces of data pushed                      : 9
	Number of properties read                  : 4

	Executable components instance ID          : meandre://seasr.org/services/service-process-zip-tei-xml-through-openmary/instance/stream-delimiter-filter/4
	Executable components state                : disposed
	Times the executable components fired      : 0
	Accumulated executable components run time : 0
	Pieces of data pulled                      : 0
	Pieces of data pushed                      : 0
	Number of properties read                  : 4

	Executable components instance ID          : meandre://seasr.org/services/service-process-zip-tei-xml-through-openmary/instance/abort-execution/4
	Executable components state                : disposed
	Times the executable components fired      : 0
	Accumulated executable components run time : 0
	Pieces of data pulled                      : 0
	Pieces of data pushed                      : 0
	Number of properties read                  : 2

	Executable components instance ID          : meandre://seasr.org/services/service-process-zip-tei-xml-through-openmary/instance/stream-delimiter-filter/3
	Executable components state                : disposed
	Times the executable components fired      : 10
	Accumulated executable components run time : 0
	Pieces of data pulled                      : 30
	Pieces of data pushed                      : 9
	Number of properties read                  : 4

	Executable components instance ID          : meandre://seasr.org/services/service-process-zip-tei-xml-through-openmary/instance/read-text/17
	Executable components state                : disposed
	Times the executable components fired      : 1
	Accumulated executable components run time : 7
	Pieces of data pulled                      : 3
	Pieces of data pushed                      : 2
	Number of properties read                  : 8

	Executable components instance ID          : meandre://seasr.org/services/service-process-zip-tei-xml-through-openmary/instance/stream-delimiter-filter/2
	Executable components state                : disposed
	Times the executable components fired      : 10
	Accumulated executable components run time : 1
	Pieces of data pulled                      : 30
	Pieces of data pushed                      : 9
	Number of properties read                  : 4

	Executable components instance ID          : meandre://seasr.org/services/service-process-zip-tei-xml-through-openmary/instance/stream-delimiter-filter/1
	Executable components state                : disposed
	Times the executable components fired      : 26
	Accumulated executable components run time : 2
	Pieces of data pulled                      : 78
	Pieces of data pushed                      : 10
	Number of properties read                  : 4

	Executable components instance ID          : meandre://seasr.org/services/service-process-zip-tei-xml-through-openmary/instance/read-text/15
	Executable components state                : disposed
	Times the executable components fired      : 1
	Accumulated executable components run time : 7
	Pieces of data pulled                      : 3
	Pieces of data pushed                      : 2
	Number of properties read                  : 8

	Executable components instance ID          : meandre://seasr.org/services/service-process-zip-tei-xml-through-openmary/instance/stream-delimiter-filter/0
	Executable components state                : disposed
	Times the executable components fired      : 26
	Accumulated executable components run time : 2
	Pieces of data pulled                      : 78
	Pieces of data pushed                      : 10
	Number of properties read                  : 4

	Executable components instance ID          : meandre://seasr.org/services/service-process-zip-tei-xml-through-openmary/instance/fork-x2/13
	Executable components state                : disposed
	Times the executable components fired      : 10
	Accumulated executable components run time : 54
	Pieces of data pulled                      : 30
	Pieces of data pushed                      : 20
	Number of properties read                  : 3

	Executable components instance ID          : meandre://seasr.org/services/service-process-zip-tei-xml-through-openmary/instance/fork-x2/2
	Executable components state                : disposed
	Times the executable components fired      : 10
	Accumulated executable components run time : 0
	Pieces of data pulled                      : 30
	Pieces of data pushed                      : 20
	Number of properties read                  : 3

	Executable components instance ID          : meandre://seasr.org/services/service-process-zip-tei-xml-through-openmary/instance/select-nodes-via-xpath/29
	Executable components state                : disposed
	Times the executable components fired      : 5636
	Accumulated executable components run time : 960
	Pieces of data pulled                      : 16908
	Pieces of data pushed                      : 5636
	Number of properties read                  : 7

	Executable components instance ID          : meandre://seasr.org/services/service-process-zip-tei-xml-through-openmary/instance/fork-x2/12
	Executable components state                : disposed
	Times the executable components fired      : 10
	Accumulated executable components run time : 54
	Pieces of data pulled                      : 30
	Pieces of data pushed                      : 20
	Number of properties read                  : 3

	Executable components instance ID          : meandre://seasr.org/services/service-process-zip-tei-xml-through-openmary/instance/fork-x2/1
	Executable components state                : disposed
	Times the executable components fired      : 10
	Accumulated executable components run time : 1
	Pieces of data pulled                      : 30
	Pieces of data pushed                      : 20
	Number of properties read                  : 3

	Executable components instance ID          : meandre://seasr.org/services/service-process-zip-tei-xml-through-openmary/instance/read-text/7
	Executable components state                : disposed
	Times the executable components fired      : 1
	Accumulated executable components run time : 7
	Pieces of data pulled                      : 3
	Pieces of data pushed                      : 2
	Number of properties read                  : 8

	Executable components instance ID          : meandre://seasr.org/services/service-process-zip-tei-xml-through-openmary/instance/fork-x2/0
	Executable components state                : disposed
	Times the executable components fired      : 1
	Accumulated executable components run time : 1
	Pieces of data pulled                      : 3
	Pieces of data pushed                      : 2
	Number of properties read                  : 3

	Executable components instance ID          : meandre://seasr.org/services/service-process-zip-tei-xml-through-openmary/instance/write-to-archive/0
	Executable components state                : disposed
	Times the executable components fired      : 37
	Accumulated executable components run time : 8143
	Pieces of data pulled                      : 148
	Pieces of data pushed                      : 1
	Number of properties read                  : 8

	Executable components instance ID          : meandre://seasr.org/services/service-process-zip-tei-xml-through-openmary/instance/select-nodes-via-xpath/25
	Executable components state                : disposed
	Times the executable components fired      : 10
	Accumulated executable components run time : 32730
	Pieces of data pulled                      : 30
	Pieces of data pushed                      : 5636
	Number of properties read                  : 7

	Executable components instance ID          : meandre://seasr.org/services/service-process-zip-tei-xml-through-openmary/instance/select-nodes-via-xpath/24
	Executable components state                : disposed
	Times the executable components fired      : 5636
	Accumulated executable components run time : 32847
	Pieces of data pulled                      : 16908
	Pieces of data pushed                      : 5636
	Number of properties read                  : 7

	Executable components instance ID          : meandre://seasr.org/services/service-process-zip-tei-xml-through-openmary/instance/read-text/3
	Executable components state                : disposed
	Times the executable components fired      : 1
	Accumulated executable components run time : 7
	Pieces of data pulled                      : 3
	Pieces of data pushed                      : 2
	Number of properties read                  : 8

	Executable components instance ID          : meandre://seasr.org/services/service-process-zip-tei-xml-through-openmary/instance/select-nodes-via-xpath/22
	Executable components state                : disposed
	Times the executable components fired      : 5636
	Accumulated executable components run time : 32874
	Pieces of data pulled                      : 16908
	Pieces of data pushed                      : 5636
	Number of properties read                  : 7

	Executable components instance ID          : meandre://seasr.org/services/service-process-zip-tei-xml-through-openmary/instance/read-zip/0
	Executable components state                : disposed
	Times the executable components fired      : 1
	Accumulated executable components run time : 212
	Pieces of data pulled                      : 3
	Pieces of data pushed                      : 10
	Number of properties read                  : 4

	Executable components instance ID          : meandre://seasr.org/services/service-process-zip-tei-xml-through-openmary/instance/csv-to-tuple/20
	Executable components state                : disposed
	Times the executable components fired      : 5636
	Accumulated executable components run time : 893
	Pieces of data pulled                      : 16908
	Pieces of data pushed                      : 11272
	Number of properties read                  : 5

	Executable components instance ID          : meandre://seasr.org/services/service-process-zip-tei-xml-through-openmary/instance/add-tuple-attribute/26
	Executable components state                : disposed
	Times the executable components fired      : 5636
	Accumulated executable components run time : 319
	Pieces of data pulled                      : 73309
	Pieces of data pushed                      : 11272
	Number of properties read                  : 3

	Executable components instance ID          : meandre://seasr.org/services/service-process-zip-tei-xml-through-openmary/instance/search-text/3
	Executable components state                : disposed
	Times the executable components fired      : 10
	Accumulated executable components run time : 10499
	Pieces of data pulled                      : 30
	Pieces of data pushed                      : 12
	Number of properties read                  : 5

	Executable components instance ID          : meandre://seasr.org/services/service-process-zip-tei-xml-through-openmary/instance/search-text/1
	Executable components state                : disposed
	Times the executable components fired      : 1
	Accumulated executable components run time : 0
	Pieces of data pulled                      : 3
	Pieces of data pushed                      : 1
	Number of properties read                  : 5

	Executable components instance ID          : meandre://seasr.org/services/service-process-zip-tei-xml-through-openmary/instance/add-tuple-attribute/23
	Executable components state                : disposed
	Times the executable components fired      : 5636
	Accumulated executable components run time : 340
	Pieces of data pulled                      : 73281
	Pieces of data pushed                      : 11272
	Number of properties read                  : 3

	Executable components instance ID          : meandre://seasr.org/services/service-process-zip-tei-xml-through-openmary/instance/text-cleaner/27
	Executable components state                : disposed
	Times the executable components fired      : 5636
	Accumulated executable components run time : 32871
	Pieces of data pulled                      : 16908
	Pieces of data pushed                      : 5636
	Number of properties read                  : 7

	Executable components instance ID          : meandre://seasr.org/services/service-process-zip-tei-xml-through-openmary/instance/add-tuple-attribute/21
	Executable components state                : disposed
	Times the executable components fired      : 5636
	Accumulated executable components run time : 354
	Pieces of data pulled                      : 67657
	Pieces of data pushed                      : 11272
	Number of properties read                  : 3

	Executable components instance ID          : meandre://seasr.org/services/service-process-zip-tei-xml-through-openmary/instance/alter-tuple/10
	Executable components state                : disposed
	Times the executable components fired      : 10
	Accumulated executable components run time : 367
	Pieces of data pulled                      : 76
	Pieces of data pushed                      : 20
	Number of properties read                  : 5

	Executable components instance ID          : meandre://seasr.org/services/service-process-zip-tei-xml-through-openmary/instance/push-text/19
	Executable components state                : disposed
	Times the executable components fired      : 1
	Accumulated executable components run time : 140
	Pieces of data pulled                      : 0
	Pieces of data pushed                      : 1
	Number of properties read                  : 3

	Executable components instance ID          : meandre://seasr.org/services/service-process-zip-tei-xml-through-openmary/instance/xml-to-xml-with-xsl/5
	Executable components state                : disposed
	Times the executable components fired      : 11
	Accumulated executable components run time : 458
	Pieces of data pulled                      : 35
	Pieces of data pushed                      : 10
	Number of properties read                  : 2

	Executable components instance ID          : meandre://seasr.org/services/service-process-zip-tei-xml-through-openmary/instance/push-text/13
	Executable components state                : disposed
	Times the executable components fired      : 1
	Accumulated executable components run time : 141
	Pieces of data pulled                      : 0
	Pieces of data pushed                      : 1
	Number of properties read                  : 3

	Executable components instance ID          : meandre://seasr.org/services/service-process-zip-tei-xml-through-openmary/instance/xml-to-xml-with-xsl/4
	Executable components state                : disposed
	Times the executable components fired      : 11
	Accumulated executable components run time : 9186
	Pieces of data pulled                      : 44
	Pieces of data pushed                      : 10
	Number of properties read                  : 2

	Executable components instance ID          : meandre://seasr.org/services/service-process-zip-tei-xml-through-openmary/instance/flow-parameter/5
	Executable components state                : disposed
	Times the executable components fired      : 1
	Accumulated executable components run time : 141
	Pieces of data pulled                      : 0
	Pieces of data pushed                      : 1
	Number of properties read                  : 6

	Executable components instance ID          : meandre://seasr.org/services/service-process-zip-tei-xml-through-openmary/instance/flow-parameter/1
	Executable components state                : disposed
	Times the executable components fired      : 1
	Accumulated executable components run time : 141
	Pieces of data pulled                      : 0
	Pieces of data pushed                      : 1
	Number of properties read                  : 6

	Executable components instance ID          : meandre://seasr.org/services/service-process-zip-tei-xml-through-openmary/instance/flow-parameter/0
	Executable components state                : disposed
	Times the executable components fired      : 1
	Accumulated executable components run time : 140
	Pieces of data pulled                      : 0
	Pieces of data pushed                      : 1
	Number of properties read                  : 6

	Executable components instance ID          : meandre://seasr.org/services/service-process-zip-tei-xml-through-openmary/instance/tuple-aggregator/4
	Executable components state                : disposed
	Times the executable components fired      : 5636
	Accumulated executable components run time : 158
	Pieces of data pulled                      : 39453
	Pieces of data pushed                      : 52
	Number of properties read                  : 3

	Executable components instance ID          : meandre://seasr.org/services/service-process-zip-tei-xml-through-openmary/instance/push-text/6
	Executable components state                : disposed
	Times the executable components fired      : 1
	Accumulated executable components run time : 140
	Pieces of data pulled                      : 0
	Pieces of data pushed                      : 1
	Number of properties read                  : 3

	Executable components instance ID          : meandre://seasr.org/services/service-process-zip-tei-xml-through-openmary/instance/prosody-similarity/11
	Executable components state                : disposed
	Times the executable components fired      : 10
	Accumulated executable components run time : 604653
	Pieces of data pulled                      : 69
	Pieces of data pushed                      : 20
	Number of properties read                  : 17

	Executable components instance ID          : meandre://seasr.org/services/service-process-zip-tei-xml-through-openmary/instance/add-tuple-attribute/9
	Executable components state                : disposed
	Times the executable components fired      : 10
	Accumulated executable components run time : 105
	Pieces of data pulled                      : 119
	Pieces of data pushed                      : 20
	Number of properties read                  : 3

	Executable components instance ID          : meandre://seasr.org/services/service-process-zip-tei-xml-through-openmary/instance/push-text/3
	Executable components state                : disposed
	Times the executable components fired      : 1
	Accumulated executable components run time : 141
	Pieces of data pulled                      : 0
	Pieces of data pushed                      : 1
	Number of properties read                  : 3

	Executable components instance ID          : meandre://seasr.org/services/service-process-zip-tei-xml-through-openmary/instance/push-text/2
	Executable components state                : disposed
	Times the executable components fired      : 1
	Accumulated executable components run time : 141
	Pieces of data pulled                      : 0
	Pieces of data pushed                      : 1
	Number of properties read                  : 3

	Executable components instance ID          : meandre://seasr.org/services/service-process-zip-tei-xml-through-openmary/instance/push-text/1
	Executable components state                : disposed
	Times the executable components fired      : 1
	Accumulated executable components run time : 140
	Pieces of data pulled                      : 0
	Pieces of data pushed                      : 1
	Number of properties read                  : 3

	Executable components instance ID          : meandre://seasr.org/services/service-process-zip-tei-xml-through-openmary/instance/xml-to-xml-with-xsl/18
	Executable components state                : disposed
	Times the executable components fired      : 5637
	Accumulated executable components run time : 7444
	Pieces of data pulled                      : 17302
	Pieces of data pushed                      : 5636
	Number of properties read                  : 2

	Executable components instance ID          : meandre://seasr.org/services/service-process-zip-tei-xml-through-openmary/instance/text-cleaner/11
	Executable components state                : disposed
	Times the executable components fired      : 10
	Accumulated executable components run time : 4
	Pieces of data pulled                      : 30
	Pieces of data pushed                      : 10
	Number of properties read                  : 7

	Executable components instance ID          : meandre://seasr.org/services/service-process-zip-tei-xml-through-openmary/instance/xml-to-xml-with-xsl/14
	Executable components state                : disposed
	Times the executable components fired      : 11
	Accumulated executable components run time : 327
	Pieces of data pulled                      : 36
	Pieces of data pushed                      : 10
	Number of properties read                  : 2

	Executable components instance ID          : meandre://seasr.org/services/service-process-zip-tei-xml-through-openmary/instance/tuple-to-csv/2
	Executable components state                : disposed
	Times the executable components fired      : 10
	Accumulated executable components run time : 372
	Pieces of data pulled                      : 75
	Pieces of data pushed                      : 30
	Number of properties read                  : 4

	Executable components instance ID          : meandre://seasr.org/services/service-process-zip-tei-xml-through-openmary/instance/openmary-client/31
	Executable components state                : disposed
	Times the executable components fired      : 5636
	Accumulated executable components run time : 32932
	Pieces of data pulled                      : 16908
	Pieces of data pushed                      : 5636
	Number of properties read                  : 8

	Executable components instance ID          : meandre://seasr.org/services/service-process-zip-tei-xml-through-openmary/instance/send-email/8
	Executable components state                : disposed
	Times the executable components fired      : 0
	Accumulated executable components run time : 0
	Pieces of data pulled                      : 8
	Pieces of data pushed                      : 0
	Number of properties read                  : 4

	Executable components instance ID          : meandre://seasr.org/services/service-process-zip-tei-xml-through-openmary/instance/text-format/7
	Executable components state                : disposed
	Times the executable components fired      : 1
	Accumulated executable components run time : 2
	Pieces of data pulled                      : 3
	Pieces of data pushed                      : 1
	Number of properties read                  : 4

	Executable components instance ID          : meandre://seasr.org/services/service-process-zip-tei-xml-through-openmary/instance/text-format/6
	Executable components state                : disposed
	Times the executable components fired      : 10
	Accumulated executable components run time : 0
	Pieces of data pulled                      : 30
	Pieces of data pushed                      : 10
	Number of properties read                  : 4

	Executable components instance ID          : meandre://seasr.org/services/service-process-zip-tei-xml-through-openmary/instance/text-format/3
	Executable components state                : disposed
	Times the executable components fired      : 0
	Accumulated executable components run time : 0
	Pieces of data pulled                      : 0
	Pieces of data pushed                      : 0
	Number of properties read                  : 4

	Executable components instance ID          : meandre://seasr.org/services/service-process-zip-tei-xml-through-openmary/instance/text-format/2
	Executable components state                : disposed
	Times the executable components fired      : 0
	Accumulated executable components run time : 0
	Pieces of data pulled                      : 0
	Pieces of data pushed                      : 0
	Number of properties read                  : 4

	Executable components instance ID          : meandre://seasr.org/services/service-process-zip-tei-xml-through-openmary/instance/read-xml/2
	Executable components state                : disposed
	Times the executable components fired      : 10
	Accumulated executable components run time : 2328
	Pieces of data pulled                      : 30
	Pieces of data pushed                      : 20
	Number of properties read                  : 3

	Executable components instance ID          : meandre://seasr.org/services/service-process-zip-tei-xml-through-openmary/instance/trigger-message/3
	Executable components state                : disposed
	Times the executable components fired      : 1
	Accumulated executable components run time : 1
	Pieces of data pulled                      : 3
	Pieces of data pushed                      : 0
	Number of properties read                  : 4

Cleaning temp run dir Service_Process_ZIP_TEI_XML_through_OpenMary.mau.run
Cleaning temp published resources dir Service_Process_ZIP_TEI_XML_through_OpenMary.mau.public_resources

